<?xml version="1.0" encoding="UTF-8"?>
<Site BuildName="(empty)"
	BuildStamp="20240822-1038-Experimental"
	Name="aroop-asus-tuf"
	Generator="ctest-3.22.1"
	CompilerName="/usr/bin/c++"
	CompilerVersion="11.4.0"
	OSName="Linux"
	Hostname="aroop-asus-tuf"
	OSRelease="6.5.0-45-generic"
	OSVersion="#45~22.04.1-Ubuntu SMP PREEMPT_DYNAMIC Mon Jul 15 16:40:02 UTC 2"
	OSPlatform="x86_64"
	Is64Bits="1"
	VendorString="GenuineIntel"
	VendorID="Intel Corporation"
	FamilyID="6"
	ModelID="141"
	ProcessorCacheSize="12288"
	NumberOfLogicalCPU="12"
	NumberOfPhysicalCPU="6"
	TotalVirtualMemory="2047"
	TotalPhysicalMemory="15706"
	LogicalProcessorsPerPhysical="2"
	ProcessorClockFrequency="1616.78"
	>
	<Testing>
		<StartDateTime>Aug 22 23:11 IST</StartDateTime>
		<StartTestTime>1724348496</StartTestTime>
		<TestList/>
		<EndDateTime>Aug 22 23:11 IST</EndDateTime>
		<EndTestTime>1724348496</EndTestTime>
		<ElapsedMinutes>0</ElapsedMinutes>
	</Testing>
</Site>
